2026-02-08 16:46:35.063 | INFO     | __main__:<module>:119 - 「她将自己的生活形容为一首歌，而那首歌的开始阴沉而苦涩。⌋
2026-02-08 16:46:35.331 | WARNING  | __main__:load_plugins:38 - 目录111.txt没有有效插件
2026-02-08 16:46:36.803 | INFO     | __main__:loadname:557 - 名单加载完成
2026-02-08 16:46:36.859 | INFO     | __main__:__init__:422 - 主界面初始化完成
2026-02-08 16:46:36.862 | DEBUG    | __main__:loadname:681 - [['example25', '0', '25'], ['example2', '0', '2'], ['example3', '0', '3'], ['example4', '0', '4'], ['example5', '0', '5'], ['example6', '0', '6'], ['example7', '0', '7'], ['example8', '0', '8'], ['example9', '0', '9'], ['example10', '0', '10'], ['example11', '0', '11'], ['example12', '0', '12'], ['example13', '0', '13'], ['example14', '0', '14'], ['example15', '0', '15'], ['example16', '0', '16'], ['example17', '0', '17'], ['example18', '0', '18'], ['example19', '0', '19'], ['example20', '0', '20'], ['example21', '0', '21'], ['example22', '0', '22'], ['example23', '0', '23'], ['example25', '0', '25'], ['example26', '0', '91'], ['example114', '1', '0'], ['example514', '1', '0']]
2026-02-08 16:46:36.862 | INFO     | __main__:loadname:682 - 名单加载完成
2026-02-08 16:46:36.965 | INFO     | __main__:__init__:798 - 设置界面初始化完成
2026-02-08 16:46:36.969 | INFO     | __main__:__init__:325 - 插件设置界面初始化完成
2026-02-08 16:46:36.975 | INFO     | __main__:__init__:892 - 关于界面初始化
2026-02-08 16:46:37.008 | INFO     | __main__:__init__:967 - 主界面初始化
2026-02-08 16:46:39.651 | DEBUG    | __main__:checkLocker:972 - <__main__.NameEdit object at 0x000002167ED04680>
2026-02-08 16:46:40.932 | DEBUG    | __main__:checkLocker:972 - <__main__.Settings object at 0x000002167ED08E60>
2026-02-08 16:46:42.114 | DEBUG    | __main__:checkLocker:972 - <__main__.PluginSettings object at 0x000002167ED19640>
2026-02-08 16:46:42.665 | DEBUG    | __main__:checkLocker:972 - <__main__.About object at 0x000002167ED1AA80>
2026-02-08 16:46:44.381 | DEBUG    | __main__:checkLocker:972 - <__main__.Settings object at 0x000002167ED08E60>
2026-02-08 16:47:04.491 | DEBUG    | __main__:testLog:838 - 这是Debug日志
2026-02-08 16:47:04.491 | INFO     | __main__:testLog:839 - 这是Info日志
2026-02-08 16:47:04.492 | WARNING  | __main__:testLog:840 - 这是Warning日志
2026-02-08 16:47:04.492 | ERROR    | __main__:testLog:841 - 这是Error日志
2026-02-08 16:47:13.698 | DEBUG    | __main__:testLog:838 - 这是Debug日志
2026-02-08 16:47:13.698 | INFO     | __main__:testLog:839 - 这是Info日志
2026-02-08 16:47:13.698 | WARNING  | __main__:testLog:840 - 这是Warning日志
2026-02-08 16:47:13.699 | ERROR    | __main__:testLog:841 - 这是Error日志
2026-02-08 16:47:15.970 | ERROR    | __main__:hookExceptions:125 - Traceback (most recent call last):
  File "d:\NamePicker\main.py", line 844, in testCrash
    raise Exception("NamePicker实际上没有任何问题，是你自己手贱引发的崩溃")
Exception: NamePicker实际上没有任何问题，是你自己手贱引发的崩溃

2026-02-08 16:47:47.163 | DEBUG    | __main__:checkLocker:972 - <__main__.NameEdit object at 0x000002167ED04680>
2026-02-08 16:47:47.880 | DEBUG    | __main__:checkLocker:972 - <__main__.Choose object at 0x000002167ECFC8C0>
2026-02-08 16:47:49.507 | DEBUG    | __main__:pickcb:486 - pickcb被调用
2026-02-08 16:47:49.510 | DEBUG    | __main__:pick:475 - [26]
2026-02-08 16:47:49.510 | DEBUG    | __main__:pickcb:511 - 表格设置完成
2026-02-08 16:47:49.738 | DEBUG    | __main__:pickcb:486 - pickcb被调用
2026-02-08 16:47:49.738 | DEBUG    | __main__:pick:475 - [26, 15]
2026-02-08 16:47:49.738 | DEBUG    | __main__:pickcb:511 - 表格设置完成
2026-02-08 16:47:49.896 | DEBUG    | __main__:pickcb:486 - pickcb被调用
2026-02-08 16:47:49.896 | DEBUG    | __main__:pick:475 - [26, 15, 13]
2026-02-08 16:47:49.896 | DEBUG    | __main__:pickcb:511 - 表格设置完成
2026-02-08 16:47:50.065 | DEBUG    | __main__:pickcb:486 - pickcb被调用
2026-02-08 16:47:50.065 | DEBUG    | __main__:pick:475 - [26, 15, 13, 4]
2026-02-08 16:47:50.066 | DEBUG    | __main__:pickcb:511 - 表格设置完成
2026-02-08 16:47:50.208 | DEBUG    | __main__:pickcb:486 - pickcb被调用
2026-02-08 16:47:50.208 | DEBUG    | __main__:pick:475 - [26, 15, 13, 4, 7]
2026-02-08 16:47:50.209 | DEBUG    | __main__:pickcb:511 - 表格设置完成
2026-02-08 16:47:50.376 | DEBUG    | __main__:pickcb:486 - pickcb被调用
2026-02-08 16:47:50.376 | DEBUG    | __main__:pick:475 - [26, 15, 13, 4, 7, 16]
2026-02-08 16:47:50.376 | DEBUG    | __main__:pickcb:511 - 表格设置完成
2026-02-08 16:47:50.570 | DEBUG    | __main__:pickcb:486 - pickcb被调用
2026-02-08 16:47:50.570 | DEBUG    | __main__:pick:475 - [26, 15, 13, 4, 7, 16, 12]
2026-02-08 16:47:50.570 | DEBUG    | __main__:pickcb:511 - 表格设置完成
2026-02-08 16:47:53.177 | DEBUG    | __main__:pickcb:486 - pickcb被调用
2026-02-08 16:47:53.177 | DEBUG    | __main__:pick:475 - [26, 15, 13, 4, 7, 16, 12, 17]
2026-02-08 16:47:53.177 | DEBUG    | __main__:pickcb:511 - 表格设置完成
2026-02-08 16:47:53.336 | DEBUG    | __main__:pickcb:486 - pickcb被调用
2026-02-08 16:47:53.337 | DEBUG    | __main__:pick:475 - [26, 15, 13, 4, 7, 16, 12, 17, 0]
2026-02-08 16:47:53.337 | DEBUG    | __main__:pickcb:511 - 表格设置完成
2026-02-08 16:47:53.496 | DEBUG    | __main__:pickcb:486 - pickcb被调用
2026-02-08 16:47:53.497 | DEBUG    | __main__:pick:475 - [26, 15, 13, 4, 7, 16, 12, 17, 0, 18]
2026-02-08 16:47:53.497 | DEBUG    | __main__:pickcb:511 - 表格设置完成
2026-02-08 16:47:55.121 | DEBUG    | __main__:pickcb:486 - pickcb被调用
2026-02-08 16:47:55.121 | DEBUG    | __main__:pick:475 - [26, 15, 13, 4, 7, 16, 12, 17, 0, 18, 8]
2026-02-08 16:47:55.121 | DEBUG    | __main__:pick:475 - [26, 15, 13, 4, 7, 16, 12, 17, 0, 18, 8, 1]
2026-02-08 16:47:55.121 | DEBUG    | __main__:pick:475 - [26, 15, 13, 4, 7, 16, 12, 17, 0, 18, 8, 1, 3]
2026-02-08 16:47:55.121 | DEBUG    | __main__:pick:475 - [26, 15, 13, 4, 7, 16, 12, 17, 0, 18, 8, 1, 3, 9]
2026-02-08 16:47:55.121 | DEBUG    | __main__:pick:475 - [26, 15, 13, 4, 7, 16, 12, 17, 0, 18, 8, 1, 3, 9, 6]
2026-02-08 16:47:55.121 | DEBUG    | __main__:pickcb:511 - 表格设置完成
2026-02-08 16:47:55.297 | DEBUG    | __main__:pickcb:486 - pickcb被调用
2026-02-08 16:47:55.297 | DEBUG    | __main__:pick:475 - [26, 15, 13, 4, 7, 16, 12, 17, 0, 18, 8, 1, 3, 9, 6, 20]
2026-02-08 16:47:55.297 | DEBUG    | __main__:pick:475 - [26, 15, 13, 4, 7, 16, 12, 17, 0, 18, 8, 1, 3, 9, 6, 20, 21]
2026-02-08 16:47:55.297 | DEBUG    | __main__:pick:475 - [26, 15, 13, 4, 7, 16, 12, 17, 0, 18, 8, 1, 3, 9, 6, 20, 21, 11]
2026-02-08 16:47:55.297 | DEBUG    | __main__:pick:475 - [26, 15, 13, 4, 7, 16, 12, 17, 0, 18, 8, 1, 3, 9, 6, 20, 21, 11, 22]
2026-02-08 16:47:55.297 | DEBUG    | __main__:pick:475 - [26, 15, 13, 4, 7, 16, 12, 17, 0, 18, 8, 1, 3, 9, 6, 20, 21, 11, 22, 14]
2026-02-08 16:47:55.297 | DEBUG    | __main__:pickcb:511 - 表格设置完成
2026-02-08 16:47:55.481 | DEBUG    | __main__:pickcb:486 - pickcb被调用
2026-02-08 16:47:55.481 | DEBUG    | __main__:pick:475 - [26, 15, 13, 4, 7, 16, 12, 17, 0, 18, 8, 1, 3, 9, 6, 20, 21, 11, 22, 14, 24]
2026-02-08 16:47:55.481 | DEBUG    | __main__:pick:475 - [26, 15, 13, 4, 7, 16, 12, 17, 0, 18, 8, 1, 3, 9, 6, 20, 21, 11, 22, 14, 24, 5]
2026-02-08 16:47:55.481 | DEBUG    | __main__:pick:475 - [26, 15, 13, 4, 7, 16, 12, 17, 0, 18, 8, 1, 3, 9, 6, 20, 21, 11, 22, 14, 24, 5, 19]
2026-02-08 16:47:55.481 | DEBUG    | __main__:pick:475 - [26, 15, 13, 4, 7, 16, 12, 17, 0, 18, 8, 1, 3, 9, 6, 20, 21, 11, 22, 14, 24, 5, 19, 2]
2026-02-08 16:47:55.481 | DEBUG    | __main__:pick:475 - [26, 15, 13, 4, 7, 16, 12, 17, 0, 18, 8, 1, 3, 9, 6, 20, 21, 11, 22, 14, 24, 5, 19, 2, 23]
2026-02-08 16:47:55.481 | DEBUG    | __main__:pickcb:511 - 表格设置完成
2026-02-08 16:47:55.633 | DEBUG    | __main__:pickcb:486 - pickcb被调用
2026-02-08 16:47:55.633 | DEBUG    | __main__:pick:475 - [26, 15, 13, 4, 7, 16, 12, 17, 0, 18, 8, 1, 3, 9, 6, 20, 21, 11, 22, 14, 24, 5, 19, 2, 23, 25]
2026-02-08 16:47:55.633 | DEBUG    | __main__:pick:475 - [26, 15, 13, 4, 7, 16, 12, 17, 0, 18, 8, 1, 3, 9, 6, 20, 21, 11, 22, 14, 24, 5, 19, 2, 23, 25, 10]
2026-02-08 16:47:55.633 | DEBUG    | __main__:pick:475 - [2]
2026-02-08 16:47:55.633 | DEBUG    | __main__:pick:475 - [2, 26]
2026-02-08 16:47:55.634 | DEBUG    | __main__:pick:475 - [2, 26, 16]
2026-02-08 16:47:55.634 | DEBUG    | __main__:pickcb:511 - 表格设置完成
2026-02-08 16:47:55.800 | DEBUG    | __main__:pickcb:486 - pickcb被调用
2026-02-08 16:47:55.801 | DEBUG    | __main__:pick:475 - [2, 26, 16, 11]
2026-02-08 16:47:55.801 | DEBUG    | __main__:pick:475 - [2, 26, 16, 11, 18]
2026-02-08 16:47:55.801 | DEBUG    | __main__:pick:475 - [2, 26, 16, 11, 18, 3]
2026-02-08 16:47:55.801 | DEBUG    | __main__:pick:475 - [2, 26, 16, 11, 18, 3, 13]
2026-02-08 16:47:55.801 | DEBUG    | __main__:pick:475 - [2, 26, 16, 11, 18, 3, 13, 6]
2026-02-08 16:47:55.801 | DEBUG    | __main__:pickcb:511 - 表格设置完成
2026-02-08 16:47:55.952 | DEBUG    | __main__:pickcb:486 - pickcb被调用
2026-02-08 16:47:55.952 | DEBUG    | __main__:pick:475 - [2, 26, 16, 11, 18, 3, 13, 6, 20]
2026-02-08 16:47:55.952 | DEBUG    | __main__:pick:475 - [2, 26, 16, 11, 18, 3, 13, 6, 20, 5]
2026-02-08 16:47:55.952 | DEBUG    | __main__:pick:475 - [2, 26, 16, 11, 18, 3, 13, 6, 20, 5, 1]
2026-02-08 16:47:55.952 | DEBUG    | __main__:pick:475 - [2, 26, 16, 11, 18, 3, 13, 6, 20, 5, 1, 10]
2026-02-08 16:47:55.952 | DEBUG    | __main__:pick:475 - [2, 26, 16, 11, 18, 3, 13, 6, 20, 5, 1, 10, 25]
2026-02-08 16:47:55.952 | DEBUG    | __main__:pickcb:511 - 表格设置完成
2026-02-08 16:47:57.069 | DEBUG    | __main__:checkLocker:972 - <__main__.PluginSettings object at 0x000002167ED19640>
2026-02-08 16:47:57.505 | DEBUG    | __main__:checkLocker:972 - <__main__.About object at 0x000002167ED1AA80>
2026-02-08 16:47:58.394 | DEBUG    | __main__:checkLocker:972 - <__main__.PluginSettings object at 0x000002167ED19640>
2026-02-08 16:48:03.810 | DEBUG    | __main__:checkLocker:972 - <__main__.Choose object at 0x000002167ECFC8C0>
2026-02-08 16:48:04.260 | DEBUG    | __main__:checkLocker:972 - <__main__.NameEdit object at 0x000002167ED04680>
2026-02-08 16:48:05.816 | DEBUG    | __main__:checkLocker:972 - <__main__.About object at 0x000002167ED1AA80>
